{ "hts_Stats_2791": {
    "Notes": "",
    "totalFragmentsInput": 4483126,
    "totalFragmentsOutput": 4483126,
    "R1_readlength_histogram": [ [151,4483126] ],
    "R2_readlength_histogram": [ [151,4483126] ],
    "Base_composition": {
        "A": 331745065,
        "C": 343049624,
        "G": 352527972,
        "T": 326486652,
        "N": 94739
    },
    "Single_end": {
        "SE_in": 0,
        "SE_out": 0,
        "SE_bpLen": 0,
        "SE_bQ30": 0
    },
    "Paired_end": {
        "PE_in": 4483126,
        "PE_out": 4483126,
        "R1_bpLen": 676952026,
        "R1_bQ30": 650536292,
        "R2_bpLen": 676952026,
        "R2_bQ30": 620847347
    }
  }, "hts_SeqScreener_2792": {
    "Notes": "",
    "totalFragmentsInput": 4483126,
    "totalFragmentsOutput": 4480411,
    "inverse": 0,
    "record": 0,
    "Screen_info": {
        "screenBP": 5386,
        "lookupKmers": 5372
    },
    "Single_end": {
        "SE_in": 0,
        "SE_out": 0,
        "SE_hits": 0
    },
    "Paired_end": {
        "PE_in": 4483126,
        "PE_out": 4480411,
        "PE_hits": 2715
    }
  }, "hts_SeqScreener_2793": {
    "Notes": "",
    "totalFragmentsInput": 4480411,
    "totalFragmentsOutput": 4480411,
    "inverse": 0,
    "record": 1,
    "Screen_info": {
        "screenBP": 107854,
        "lookupKmers": 17010
    },
    "Single_end": {
        "SE_in": 0,
        "SE_out": 0,
        "SE_hits": 0
    },
    "Paired_end": {
        "PE_in": 4480411,
        "PE_out": 4480411,
        "PE_hits": 146930
    }
  }, "hts_SuperDeduper_2794": {
    "Notes": "",
    "totalFragmentsInput": 4480411,
    "totalFragmentsOutput": 3167444,
    "ignored": 1448,
    "duplicate": 1311519,
    "duplicate_saturation": [ [250000,46635], [500000,102486], [750000,162889], [1000000,226682], [1250000,293989], [1500000,365135], [1750000,439284], [2000000,515968], [2250000,593479], [2500000,666633], [2750000,741084], [3000000,811076], [3250000,889561], [3500000,970400], [3750000,1053515], [4000000,1139261], [4250000,1228239], [4480411,1311519] ],
    "Single_end": {
        "SE_in": 0,
        "SE_out": 0
    },
    "Paired_end": {
        "PE_in": 4480411,
        "PE_out": 3167444
    }
  }, "hts_AdapterTrimmer_2795": {
    "Notes": "",
    "totalFragmentsInput": 3167444,
    "totalFragmentsOutput": 3167444,
    "fixbases": 1,
    "Single_end": {
        "SE_in": 0,
        "SE_out": 0,
        "SE_discarded": 0,
        "SE_adapterTrim": 0,
        "SE_adapterBpTrim": 0
    },
    "Paired_end": {
        "PE_in": 3167444,
        "PE_out": 3167444,
        "R1_discarded": 0,
        "R2_discarded": 0,
        "PE_discarded": 0,
        "PE_adapterTrim": 790885,
        "PE_adapterBpTrim": 45256574
    }
  }, "hts_QWindowTrim_2796": {
    "Notes": "",
    "totalFragmentsInput": 3167444,
    "totalFragmentsOutput": 3166678,
    "Single_end": {
        "SE_in": 0,
        "SE_out": 0,
        "SE_rightTrim": 0,
        "SE_leftTrim": 0,
        "SE_discarded": 0
    },
    "Paired_end": {
        "PE_in": 3167444,
        "PE_out": 3166678,
        "R1_leftTrim": 40259,
        "R1_rightTrim": 884671,
        "R2_leftTrim": 711117,
        "R2_rightTrim": 2486325,
        "R1_discarded": 0,
        "R2_discarded": 0,
        "PE_discarded": 766
    }
  }, "hts_NTrimmer_2797": {
    "Notes": "",
    "totalFragmentsInput": 3166678,
    "totalFragmentsOutput": 3166678,
    "Single_end": {
        "SE_in": 0,
        "SE_out": 0,
        "SE_rightTrim": 0,
        "SE_leftTrim": 0,
        "SE_discarded": 0
    },
    "Paired_end": {
        "PE_in": 3166678,
        "PE_out": 3166678,
        "R1_leftTrim": 48327,
        "R1_rightTrim": 3631,
        "R2_leftTrim": 4255,
        "R2_rightTrim": 36348,
        "R1_discarded": 0,
        "R2_discarded": 0,
        "PE_discarded": 0
    }
  }, "hts_CutTrim_2798": {
    "Notes": "",
    "totalFragmentsInput": 3166678,
    "totalFragmentsOutput": 3160492,
    "Single_end": {
        "SE_in": 0,
        "SE_out": 0,
        "SE_rightTrim": 0,
        "SE_leftTrim": 0,
        "SE_discarded": 0
    },
    "Paired_end": {
        "PE_in": 3166678,
        "PE_out": 3160492,
        "R1_leftTrim": 0,
        "R1_rightTrim": 0,
        "R2_leftTrim": 0,
        "R2_rightTrim": 0,
        "R1_discarded": 0,
        "R2_discarded": 0,
        "PE_discarded": 6186
    }
  }, "hts_Stats_2799": {
    "Notes": "",
    "totalFragmentsInput": 3160492,
    "totalFragmentsOutput": 3160492,
    "R1_readlength_histogram": [ [50,280], [51,348], [52,384], [53,406], [54,396], [55,433], [56,484], [57,530], [58,570], [59,672], [60,750], [61,788], [62,841], [63,918], [64,914], [65,956], [66,996], [67,1078], [68,1230], [69,1335], [70,1355], [71,1536], [72,1553], [73,1614], [74,1719], [75,1795], [76,1949], [77,1965], [78,2160], [79,2367], [80,2517], [81,2751], [82,2758], [83,2907], [84,3142], [85,3298], [86,3466], [87,3568], [88,3753], [89,3840], [90,4169], [91,4308], [92,4747], [93,4921], [94,5052], [95,5473], [96,5618], [97,5922], [98,6227], [99,6316], [100,6733], [101,6926], [102,7343], [103,7606], [104,7839], [105,8241], [106,8518], [107,8761], [108,8965], [109,9182], [110,9572], [111,9980], [112,10152], [113,10645], [114,10927], [115,11207], [116,11671], [117,11842], [118,12097], [119,12471], [120,12656], [121,12930], [122,13329], [123,13765], [124,13762], [125,14234], [126,14213], [127,14559], [128,15245], [129,15324], [130,15494], [131,15563], [132,15970], [133,16286], [134,16479], [135,16574], [136,16875], [137,17243], [138,17468], [139,17614], [140,17932], [141,17885], [142,17755], [143,18054], [144,18268], [145,18041], [146,19282], [147,21220], [148,21682], [149,28531], [150,57471], [151,2291035] ],
    "R2_readlength_histogram": [ [50,337], [51,411], [52,446], [53,468], [54,442], [55,491], [56,516], [57,578], [58,599], [59,713], [60,801], [61,836], [62,878], [63,981], [64,977], [65,985], [66,1059], [67,1165], [68,1305], [69,1409], [70,1457], [71,1589], [72,1627], [73,1721], [74,1817], [75,1878], [76,2049], [77,2042], [78,2267], [79,2506], [80,2653], [81,2903], [82,2883], [83,3093], [84,3305], [85,3447], [86,3696], [87,3760], [88,3966], [89,4141], [90,4449], [91,4593], [92,5064], [93,5243], [94,5407], [95,5885], [96,6027], [97,6315], [98,6656], [99,6812], [100,7215], [101,7438], [102,7812], [103,8122], [104,8398], [105,8873], [106,9142], [107,9489], [108,9677], [109,10075], [110,10305], [111,10769], [112,10934], [113,11484], [114,11801], [115,12070], [116,12583], [117,12748], [118,13088], [119,13511], [120,13705], [121,13930], [122,14441], [123,14796], [124,14889], [125,15403], [126,15436], [127,15772], [128,16604], [129,16691], [130,16961], [131,17163], [132,17654], [133,17973], [134,18421], [135,18548], [136,18976], [137,19598], [138,19985], [139,20429], [140,20973], [141,21306], [142,20110], [143,20577], [144,21586], [145,22208], [146,23868], [147,30025], [148,32314], [149,47701], [150,113557], [151,2118710] ],
    "Base_composition": {
        "A": 224000936,
        "C": 227382943,
        "G": 228550657,
        "T": 226256056,
        "N": 0
    },
    "Single_end": {
        "SE_in": 0,
        "SE_out": 0,
        "SE_bpLen": 0,
        "SE_bQ30": 0
    },
    "Paired_end": {
        "PE_in": 3160492,
        "PE_out": 3160492,
        "R1_bpLen": 454127774,
        "R1_bQ30": 444427114,
        "R2_bpLen": 452062818,
        "R2_bQ30": 429965635
    }
  }
}
