{ "hts_Stats_3856": {
    "Notes": "",
    "totalFragmentsInput": 4492443,
    "totalFragmentsOutput": 4492443,
    "R1_readlength_histogram": [ [151,4492443] ],
    "R2_readlength_histogram": [ [151,4492443] ],
    "Base_composition": {
        "A": 305437987,
        "C": 368153987,
        "G": 381986714,
        "T": 301046451,
        "N": 92647
    },
    "Single_end": {
        "SE_in": 0,
        "SE_out": 0,
        "SE_bpLen": 0,
        "SE_bQ30": 0
    },
    "Paired_end": {
        "PE_in": 4492443,
        "PE_out": 4492443,
        "R1_bpLen": 678358893,
        "R1_bQ30": 648369546,
        "R2_bpLen": 678358893,
        "R2_bQ30": 617236111
    }
  }, "hts_SeqScreener_3857": {
    "Notes": "",
    "totalFragmentsInput": 4492443,
    "totalFragmentsOutput": 4489519,
    "inverse": 0,
    "record": 0,
    "Screen_info": {
        "screenBP": 5386,
        "lookupKmers": 5372
    },
    "Single_end": {
        "SE_in": 0,
        "SE_out": 0,
        "SE_hits": 0
    },
    "Paired_end": {
        "PE_in": 4492443,
        "PE_out": 4489519,
        "PE_hits": 2924
    }
  }, "hts_SeqScreener_3858": {
    "Notes": "",
    "totalFragmentsInput": 4489519,
    "totalFragmentsOutput": 4489519,
    "inverse": 0,
    "record": 1,
    "Screen_info": {
        "screenBP": 107854,
        "lookupKmers": 17010
    },
    "Single_end": {
        "SE_in": 0,
        "SE_out": 0,
        "SE_hits": 0
    },
    "Paired_end": {
        "PE_in": 4489519,
        "PE_out": 4489519,
        "PE_hits": 187767
    }
  }, "hts_SuperDeduper_3859": {
    "Notes": "",
    "totalFragmentsInput": 4489519,
    "totalFragmentsOutput": 1659205,
    "ignored": 1450,
    "duplicate": 2828864,
    "duplicate_saturation": [ [250000,106181], [500000,242203], [750000,387967], [1000000,538676], [1250000,693505], [1500000,852111], [1750000,1013015], [2000000,1176048], [2250000,1340151], [2500000,1502636], [2750000,1666552], [3000000,1817375], [3250000,1983485], [3500000,2151198], [3750000,2320737], [4000000,2491266], [4250000,2663326], [4489519,2828864] ],
    "Single_end": {
        "SE_in": 0,
        "SE_out": 0
    },
    "Paired_end": {
        "PE_in": 4489519,
        "PE_out": 1659205
    }
  }, "hts_AdapterTrimmer_3860": {
    "Notes": "",
    "totalFragmentsInput": 1659205,
    "totalFragmentsOutput": 1659205,
    "fixbases": 1,
    "Single_end": {
        "SE_in": 0,
        "SE_out": 0,
        "SE_discarded": 0,
        "SE_adapterTrim": 0,
        "SE_adapterBpTrim": 0
    },
    "Paired_end": {
        "PE_in": 1659205,
        "PE_out": 1659205,
        "R1_discarded": 0,
        "R2_discarded": 0,
        "PE_discarded": 0,
        "PE_adapterTrim": 441752,
        "PE_adapterBpTrim": 29522012
    }
  }, "hts_QWindowTrim_3861": {
    "Notes": "",
    "totalFragmentsInput": 1659205,
    "totalFragmentsOutput": 1658558,
    "Single_end": {
        "SE_in": 0,
        "SE_out": 0,
        "SE_rightTrim": 0,
        "SE_leftTrim": 0,
        "SE_discarded": 0
    },
    "Paired_end": {
        "PE_in": 1659205,
        "PE_out": 1658558,
        "R1_leftTrim": 22849,
        "R1_rightTrim": 661928,
        "R2_leftTrim": 693623,
        "R2_rightTrim": 1788963,
        "R1_discarded": 0,
        "R2_discarded": 0,
        "PE_discarded": 647
    }
  }, "hts_NTrimmer_3862": {
    "Notes": "",
    "totalFragmentsInput": 1658558,
    "totalFragmentsOutput": 1658558,
    "Single_end": {
        "SE_in": 0,
        "SE_out": 0,
        "SE_rightTrim": 0,
        "SE_leftTrim": 0,
        "SE_discarded": 0
    },
    "Paired_end": {
        "PE_in": 1658558,
        "PE_out": 1658558,
        "R1_leftTrim": 24904,
        "R1_rightTrim": 1885,
        "R2_leftTrim": 2472,
        "R2_rightTrim": 17512,
        "R1_discarded": 0,
        "R2_discarded": 0,
        "PE_discarded": 0
    }
  }, "hts_CutTrim_3863": {
    "Notes": "",
    "totalFragmentsInput": 1658558,
    "totalFragmentsOutput": 1649616,
    "Single_end": {
        "SE_in": 0,
        "SE_out": 0,
        "SE_rightTrim": 0,
        "SE_leftTrim": 0,
        "SE_discarded": 0
    },
    "Paired_end": {
        "PE_in": 1658558,
        "PE_out": 1649616,
        "R1_leftTrim": 0,
        "R1_rightTrim": 0,
        "R2_leftTrim": 0,
        "R2_rightTrim": 0,
        "R1_discarded": 0,
        "R2_discarded": 0,
        "PE_discarded": 8942
    }
  }, "hts_Stats_3864": {
    "Notes": "",
    "totalFragmentsInput": 1649616,
    "totalFragmentsOutput": 1649616,
    "R1_readlength_histogram": [ [50,498], [51,563], [52,564], [53,566], [54,620], [55,703], [56,685], [57,751], [58,768], [59,856], [60,946], [61,1019], [62,1070], [63,1095], [64,1094], [65,1107], [66,1085], [67,1174], [68,1291], [69,1314], [70,1348], [71,1540], [72,1535], [73,1505], [74,1594], [75,1663], [76,1757], [77,1795], [78,1811], [79,1959], [80,2032], [81,2117], [82,2202], [83,2308], [84,2412], [85,2490], [86,2494], [87,2646], [88,2667], [89,2803], [90,3016], [91,3103], [92,3101], [93,3261], [94,3383], [95,3473], [96,3513], [97,3759], [98,3769], [99,3854], [100,4102], [101,4302], [102,4275], [103,4544], [104,4651], [105,4828], [106,4850], [107,5016], [108,5218], [109,5176], [110,5469], [111,5593], [112,5892], [113,5790], [114,5933], [115,6214], [116,6229], [117,6384], [118,6528], [119,6611], [120,6717], [121,6875], [122,6871], [123,6916], [124,7042], [125,7256], [126,7456], [127,7463], [128,7634], [129,7615], [130,7739], [131,8017], [132,8103], [133,8187], [134,8212], [135,8323], [136,8559], [137,8618], [138,8769], [139,8805], [140,8882], [141,8652], [142,8848], [143,8636], [144,9032], [145,8878], [146,9385], [147,10487], [148,11077], [149,14652], [150,31490], [151,1164136] ],
    "R2_readlength_histogram": [ [50,570], [51,624], [52,637], [53,628], [54,671], [55,726], [56,705], [57,767], [58,796], [59,898], [60,951], [61,1040], [62,1073], [63,1137], [64,1107], [65,1152], [66,1109], [67,1230], [68,1354], [69,1388], [70,1416], [71,1564], [72,1593], [73,1590], [74,1657], [75,1719], [76,1842], [77,1896], [78,1915], [79,2087], [80,2149], [81,2247], [82,2350], [83,2454], [84,2535], [85,2666], [86,2671], [87,2845], [88,2868], [89,2999], [90,3236], [91,3344], [92,3390], [93,3544], [94,3709], [95,3770], [96,3858], [97,4083], [98,4141], [99,4229], [100,4493], [101,4737], [102,4751], [103,5061], [104,5146], [105,5362], [106,5394], [107,5613], [108,5777], [109,5819], [110,6090], [111,6196], [112,6505], [113,6425], [114,6629], [115,6926], [116,6923], [117,7024], [118,7304], [119,7408], [120,7547], [121,7672], [122,7709], [123,7825], [124,7968], [125,8152], [126,8469], [127,8508], [128,8751], [129,8810], [130,8945], [131,9144], [132,9355], [133,9397], [134,9565], [135,9765], [136,10105], [137,10344], [138,10568], [139,10832], [140,11236], [141,11108], [142,10586], [143,10378], [144,11131], [145,11726], [146,12416], [147,16185], [148,18061], [149,25650], [150,63774], [151,1049421] ],
    "Base_composition": {
        "A": 112214363,
        "C": 119677809,
        "G": 120694487,
        "T": 114690962,
        "N": 0
    },
    "Single_end": {
        "SE_in": 0,
        "SE_out": 0,
        "SE_bpLen": 0,
        "SE_bQ30": 0
    },
    "Paired_end": {
        "PE_in": 1649616,
        "PE_out": 1649616,
        "R1_bpLen": 234441520,
        "R1_bQ30": 228169502,
        "R2_bpLen": 232836101,
        "R2_bQ30": 218026993
    }
  }
}
